2025-01-23 15:18 o.s.o.j.LocalContainerEntityManagerFactoryBean-Closing JPA EntityManagerFactory for persistence unit 'default'
2025-01-23 15:18 com.zaxxer.hikari.HikariDataSource-HikariPool-1 - Shutdown initiated...
2025-01-23 15:18 com.zaxxer.hikari.HikariDataSource-HikariPool-1 - Shutdown completed.
2025-01-23 15:19 o.h.validator.internal.util.Version-HV000001: Hibernate Validator 6.2.5.Final
2025-01-23 15:19 com.example.board.BoardApplication-Starting BoardApplication using Java 11.0.25 on DESKTOP-RHQSV5M with PID 11516 (C:\Users\Playdata\Desktop\board\build\classes\java\main started by Playdata in C:\Users\Playdata\Desktop\board)
2025-01-23 15:19 com.example.board.BoardApplication-The following 1 profile is active: "local"
2025-01-23 15:19 o.s.d.r.c.RepositoryConfigurationDelegate-Bootstrapping Spring Data JPA repositories in DEFAULT mode.
2025-01-23 15:19 o.s.d.r.c.RepositoryConfigurationDelegate-Finished Spring Data repository scanning in 42 ms. Found 2 JPA repository interfaces.
2025-01-23 15:19 o.s.b.w.e.tomcat.TomcatWebServer-Tomcat initialized with port(s): 8080 (http)
2025-01-23 15:19 o.a.coyote.http11.Http11NioProtocol-Initializing ProtocolHandler ["http-nio-8080"]
2025-01-23 15:19 o.a.catalina.core.StandardService-Starting service [Tomcat]
2025-01-23 15:19 o.a.catalina.core.StandardEngine-Starting Servlet engine: [Apache Tomcat/9.0.74]
2025-01-23 15:19 o.a.c.c.C.[Tomcat].[localhost].[/]-Initializing Spring embedded WebApplicationContext
2025-01-23 15:19 o.s.b.w.s.c.ServletWebServerApplicationContext-Root WebApplicationContext: initialization completed in 1062 ms
2025-01-23 15:19 o.h.jpa.internal.util.LogHelper-HHH000204: Processing PersistenceUnitInfo [name: default]
2025-01-23 15:19 org.hibernate.Version-HHH000412: Hibernate ORM core version 5.6.15.Final
2025-01-23 15:19 o.h.annotations.common.Version-HCANN000001: Hibernate Commons Annotations {5.1.2.Final}
2025-01-23 15:19 com.zaxxer.hikari.HikariDataSource-HikariPool-1 - Starting...
2025-01-23 15:19 com.zaxxer.hikari.HikariDataSource-HikariPool-1 - Start completed.
2025-01-23 15:19 org.hibernate.dialect.Dialect-HHH000400: Using dialect: org.hibernate.dialect.MariaDBDialect
2025-01-23 15:19 o.h.e.t.j.p.i.JtaPlatformInitiator-HHH000490: Using JtaPlatform implementation: [org.hibernate.engine.transaction.jta.platform.internal.NoJtaPlatform]
2025-01-23 15:19 o.s.o.j.LocalContainerEntityManagerFactoryBean-Initialized JPA EntityManagerFactory for persistence unit 'default'
2025-01-23 15:19 o.s.b.a.o.j.JpaBaseConfiguration$JpaWebConfiguration-spring.jpa.open-in-view is enabled by default. Therefore, database queries may be performed during view rendering. Explicitly configure spring.jpa.open-in-view to disable this warning
2025-01-23 15:19 o.a.coyote.http11.Http11NioProtocol-Starting ProtocolHandler ["http-nio-8080"]
2025-01-23 15:19 o.s.b.w.e.tomcat.TomcatWebServer-Tomcat started on port(s): 8080 (http) with context path ''
2025-01-23 15:19 com.example.board.BoardApplication-Started BoardApplication in 3.045 seconds (JVM running for 4.146)
2025-01-23 15:19 o.a.c.c.C.[Tomcat].[localhost].[/]-Initializing Spring DispatcherServlet 'dispatcherServlet'
2025-01-23 15:19 o.s.web.servlet.DispatcherServlet-Initializing Servlet 'dispatcherServlet'
2025-01-23 15:19 o.s.web.servlet.DispatcherServlet-Completed initialization in 1 ms
2025-01-23 15:20 o.s.o.j.LocalContainerEntityManagerFactoryBean-Closing JPA EntityManagerFactory for persistence unit 'default'
2025-01-23 15:20 com.zaxxer.hikari.HikariDataSource-HikariPool-1 - Shutdown initiated...
2025-01-23 15:20 com.zaxxer.hikari.HikariDataSource-HikariPool-1 - Shutdown completed.
